Vivado Simulator v2023.2
Copyright 1986-2022 Xilinx, Inc. All Rights Reserved.
Copyright 2022-2023 Advanced Micro Devices, Inc. All Rights Reserved.
Running: C:/Xilinx/Vivado/2023.2/bin/unwrapped/win64.o/xelab.exe --incr --debug typical --relax --mt 2 -L xil_defaultlib -L secureip --snapshot ALU_Testbench_behav xil_defaultlib.ALU_Testbench -log elaborate.log 
Using 2 slave threads.
Starting static elaboration
Completed static elaboration
Starting simulation data flow analysis
Completed simulation data flow analysis
Time Resolution for simulation is 1ps
Compiling package std.standard
Compiling package std.textio
Compiling package ieee.std_logic_1164
Compiling package ieee.numeric_std
Compiling architecture behavioral of entity xil_defaultlib.add_sub [\add_sub(n=32)\]
Compiling architecture behavioral of entity xil_defaultlib.comparator [comparator_default]
Compiling architecture behavioral of entity xil_defaultlib.logic_unit [logic_unit_default]
Compiling architecture behavioral of entity xil_defaultlib.shift_unit [\shift_unit(n=32)\]
Compiling architecture behavioral of entity xil_defaultlib.multiplexer [\multiplexer(n=32)\]
Compiling architecture bdf_type of entity xil_defaultlib.ALU [alu_default]
Compiling architecture tb_arch of entity xil_defaultlib.alu_testbench
Built simulation snapshot ALU_Testbench_behav
